modules/not-now-blocker/android/build/intermediates/manifest_merge_blame_file/release/processReleaseManifest/manifest-merger-blame-release-report.txt
1<?xml version="1.0" encoding="utf-8"?>
2<manifest xmlns:android="http://schemas.android.com/apk/res/android"
3    package="expo.modules.fallowblocker" >
4
5    <uses-sdk android:minSdkVersion="24" />
6    <!--
7    This is a library manifest: at build time it is merged into the app's
8    final AndroidManifest.xml, so the service declared here ends up declared
9    by the app without the app project needing to know about it.
10    -->
11    <!--
12    Android 11+ package visibility: without this, PackageManager hides other
13    installed packages from us and the app picker would come back nearly
14    empty. Declaring the launcher intent grants visibility of exactly the
15    apps that have a home-screen icon — no more (deliberately narrower than
16    the QUERY_ALL_PACKAGES permission).
17    -->
18    <queries>
18-->src/main/AndroidManifest.xml:14:3-19:13
19        <intent>
19-->src/main/AndroidManifest.xml:15:5-18:14
20            <action android:name="android.intent.action.MAIN" />
20-->src/main/AndroidManifest.xml:16:7-59
20-->src/main/AndroidManifest.xml:16:15-56
21
22            <category android:name="android.intent.category.LAUNCHER" />
22-->src/main/AndroidManifest.xml:17:7-67
22-->src/main/AndroidManifest.xml:17:17-64
23        </intent>
24    </queries>
25
26    <application>
26-->src/main/AndroidManifest.xml:21:3-61:17
27
28        <!--
29      android:name — fully qualified class of the service. Written out in
30        full (not ".FallowAccessibilityService") because relative names in a
31        merged library manifest are easy to get wrong.
32
33      android:permission — BIND_ACCESSIBILITY_SERVICE means only the system
34        (which holds that permission) may bind to this service. Required for
35        accessibility services since Android 4.1; without it the service is
36        ignored and, worse, any app could bind to it.
37
38      android:exported — accessibility services must be reachable by the
39        system, but "exported" here governs other apps. false + the BIND
40        permission above is the standard, safe combination.
41
42      android:label — the name shown in Settings → Accessibility. A string
43        resource so it is translatable and shows up properly in settings.
44        -->
45        <service
45-->src/main/AndroidManifest.xml:39:5-60:15
46            android:name="expo.modules.fallowblocker.FallowAccessibilityService"
46-->src/main/AndroidManifest.xml:40:7-75
47            android:exported="false"
47-->src/main/AndroidManifest.xml:42:7-31
48            android:label="@string/fallow_accessibility_service_label"
48-->src/main/AndroidManifest.xml:43:7-65
49            android:permission="android.permission.BIND_ACCESSIBILITY_SERVICE" >
49-->src/main/AndroidManifest.xml:41:7-73
50
51            <!--
52        This intent filter is how the system discovers that the service is
53        an accessibility service at all — it is what makes it appear in the
54        Settings → Accessibility list.
55            -->
56            <intent-filter>
56-->src/main/AndroidManifest.xml:49:7-51:23
57                <action android:name="android.accessibilityservice.AccessibilityService" />
57-->src/main/AndroidManifest.xml:50:9-84
57-->src/main/AndroidManifest.xml:50:17-81
58            </intent-filter>
59            <!--
60        Points the system at the XML file describing what the service wants:
61        which event types, which flags, whether it may read window content.
62        See res/xml/fallow_accessibility_service.xml.
63            -->
64            <meta-data
64-->src/main/AndroidManifest.xml:57:7-59:64
65                android:name="android.accessibilityservice"
65-->src/main/AndroidManifest.xml:58:9-52
66                android:resource="@xml/fallow_accessibility_service" />
66-->src/main/AndroidManifest.xml:59:9-61
67        </service>
68    </application>
69
70</manifest>